[2017-09-14 16:36:32.001] [INFO] checkCommentSpaces - step in checkSpacks()
[2017-09-14 16:36:32.004] [DEBUG] checkCommentSpaces - find files: 168
[2017-09-14 16:36:32.038] [DEBUG] checkCommentSpaces - C:\workspace2\PLDHimeji\pldHR_client\TFT\nt\NewBRM\Page\BrBrmgrpDescPage.cpp
[2017-09-14 16:36:32.039] [DEBUG] checkCommentSpaces - C:\workspace2\PLDHimeji\pldHR_client\TFT\nt\NewBRM\Page\BrBrmgrpDescPage.h
[2017-09-14 16:36:32.041] [DEBUG] checkCommentSpaces - C:\workspace2\PLDHimeji\pldHR_client\TFT\nt\NewBRM\Page\BrEqprchgDescPage.cpp
[2017-09-14 16:36:32.042] [DEBUG] checkCommentSpaces - C:\workspace2\PLDHimeji\pldHR_client\TFT\nt\NewBRM\Page\BrEqprchgDescPage.h
[2017-09-14 16:36:32.044] [DEBUG] checkCommentSpaces - C:\workspace2\PLDHimeji\pldHR_client\TFT\nt\NewBRM\Page\BrEqptgr1DescPage.cpp
[2017-09-14 16:36:32.046] [DEBUG] checkCommentSpaces - C:\workspace2\PLDHimeji\pldHR_client\TFT\nt\NewBRM\Page\BrEqptgr2DescPage.cpp
[2017-09-14 16:36:32.047] [DEBUG] checkCommentSpaces - C:\workspace2\PLDHimeji\pldHR_client\TFT\nt\NewBRM\Page\BrEqptPortPage.cpp
[2017-09-14 16:36:32.047] [DEBUG] checkCommentSpaces - C:\workspace2\PLDHimeji\pldHR_client\TFT\nt\NewBRM\Page\BrEqptPortPage.h
[2017-09-14 16:36:32.049] [DEBUG] checkCommentSpaces - C:\workspace2\PLDHimeji\pldHR_client\TFT\nt\NewBRM\Page\BrHinmokuBomPage.cpp
[2017-09-14 16:36:32.049] [DEBUG] checkCommentSpaces - C:\workspace2\PLDHimeji\pldHR_client\TFT\nt\NewBRM\Page\BrHinmokuBomPage.h
[2017-09-14 16:36:32.050] [DEBUG] checkCommentSpaces - C:\workspace2\PLDHimeji\pldHR_client\TFT\nt\NewBRM\Page\BrHinmokuNumPage.cpp
[2017-09-14 16:36:32.051] [DEBUG] checkCommentSpaces - C:\workspace2\PLDHimeji\pldHR_client\TFT\nt\NewBRM\Page\BrHinmokuNumPage.h
[2017-09-14 16:36:32.051] [DEBUG] checkCommentSpaces - C:\workspace2\PLDHimeji\pldHR_client\TFT\nt\NewBRM\Page\BrHinmokuPartsPage.cpp
[2017-09-14 16:36:32.052] [DEBUG] checkCommentSpaces - C:\workspace2\PLDHimeji\pldHR_client\TFT\nt\NewBRM\Page\BrHinmokuPartsPage.h
[2017-09-14 16:36:32.054] [DEBUG] checkCommentSpaces - C:\workspace2\PLDHimeji\pldHR_client\TFT\nt\NewBRM\Page\BrIfthenactRcpPage.cpp
[2017-09-14 16:36:32.055] [DEBUG] checkCommentSpaces - C:\workspace2\PLDHimeji\pldHR_client\TFT\nt\NewBRM\Page\BrIfthenactRcpPage.h
[2017-09-14 16:36:32.055] [DEBUG] checkCommentSpaces - C:\workspace2\PLDHimeji\pldHR_client\TFT\nt\NewBRM\Page\BrIfthencndDescPage.cpp
[2017-09-14 16:36:32.056] [DEBUG] checkCommentSpaces - C:\workspace2\PLDHimeji\pldHR_client\TFT\nt\NewBRM\Page\BrIfthencndDescPage.h
[2017-09-14 16:36:32.058] [DEBUG] checkCommentSpaces - C:\workspace2\PLDHimeji\pldHR_client\TFT\nt\NewBRM\Page\BrLayotLocPage.cpp
[2017-09-14 16:36:32.058] [DEBUG] checkCommentSpaces - C:\workspace2\PLDHimeji\pldHR_client\TFT\nt\NewBRM\Page\BrLayotLocPage.h
[2017-09-14 16:36:32.066] [DEBUG] checkCommentSpaces - C:\workspace2\PLDHimeji\pldHR_client\TFT\nt\NewBRM\Page\BrMlabelItemPage.cpp
[2017-09-14 16:36:32.067] [DEBUG] checkCommentSpaces - C:\workspace2\PLDHimeji\pldHR_client\TFT\nt\NewBRM\Page\BrMlabelItemPage.h
[2017-09-14 16:36:32.067] [DEBUG] checkCommentSpaces - C:\workspace2\PLDHimeji\pldHR_client\TFT\nt\NewBRM\Page\BrMldeltaDataPage.cpp
[2017-09-14 16:36:32.068] [DEBUG] checkCommentSpaces - C:\workspace2\PLDHimeji\pldHR_client\TFT\nt\NewBRM\Page\BrMldeltaDataPage.h
[2017-09-14 16:36:32.071] [DEBUG] checkCommentSpaces - C:\workspace2\PLDHimeji\pldHR_client\TFT\nt\NewBRM\Page\BrMssgrpDescPage.cpp
[2017-09-14 16:36:32.072] [DEBUG] checkCommentSpaces - C:\workspace2\PLDHimeji\pldHR_client\TFT\nt\NewBRM\Page\BrMssgrpDescPage.h
[2017-09-14 16:36:32.078] [DEBUG] checkCommentSpaces - C:\workspace2\PLDHimeji\pldHR_client\TFT\nt\NewBRM\Page\BrOhvcOhvstPage.cpp
[2017-09-14 16:36:32.078] [DEBUG] checkCommentSpaces - C:\workspace2\PLDHimeji\pldHR_client\TFT\nt\NewBRM\Page\BrOhvcOhvstPage.h
[2017-09-14 16:36:32.080] [DEBUG] checkCommentSpaces - C:\workspace2\PLDHimeji\pldHR_client\TFT\nt\NewBRM\Page\BrOpercntDescPage.cpp
[2017-09-14 16:36:32.080] [DEBUG] checkCommentSpaces - C:\workspace2\PLDHimeji\pldHR_client\TFT\nt\NewBRM\Page\BrOpercntDescPage.h
[2017-09-14 16:36:32.081] [DEBUG] checkCommentSpaces - C:\workspace2\PLDHimeji\pldHR_client\TFT\nt\NewBRM\Page\BrOperracDescPage.cpp
[2017-09-14 16:36:32.082] [DEBUG] checkCommentSpaces - C:\workspace2\PLDHimeji\pldHR_client\TFT\nt\NewBRM\Page\BrOperracDescPage.h
[2017-09-14 16:36:32.083] [DEBUG] checkCommentSpaces - C:\workspace2\PLDHimeji\pldHR_client\TFT\nt\NewBRM\Page\BrOpigrpDescPage.cpp
[2017-09-14 16:36:32.083] [DEBUG] checkCommentSpaces - C:\workspace2\PLDHimeji\pldHR_client\TFT\nt\NewBRM\Page\BrOpigrpDescPage.h
[2017-09-14 16:36:32.085] [DEBUG] checkCommentSpaces - C:\workspace2\PLDHimeji\pldHR_client\TFT\nt\NewBRM\Page\BrParamRcpPage.cpp
[2017-09-14 16:36:32.085] [DEBUG] checkCommentSpaces - C:\workspace2\PLDHimeji\pldHR_client\TFT\nt\NewBRM\Page\BrParamRcpPage.h
[2017-09-14 16:36:32.087] [DEBUG] checkCommentSpaces - C:\workspace2\PLDHimeji\pldHR_client\TFT\nt\NewBRM\Page\BrPrdctDescPage.cpp
[2017-09-14 16:36:32.087] [DEBUG] checkCommentSpaces - C:\workspace2\PLDHimeji\pldHR_client\TFT\nt\NewBRM\Page\BrPrdctDescPage.h
[2017-09-14 16:36:32.088] [DEBUG] checkCommentSpaces - C:\workspace2\PLDHimeji\pldHR_client\TFT\nt\NewBRM\Page\BrPrdctMtrlprdPage.cpp
[2017-09-14 16:36:32.088] [DEBUG] checkCommentSpaces - C:\workspace2\PLDHimeji\pldHR_client\TFT\nt\NewBRM\Page\BrPrdctMtrlprdPage.h
[2017-09-14 16:36:32.089] [DEBUG] checkCommentSpaces - C:\workspace2\PLDHimeji\pldHR_client\TFT\nt\NewBRM\Page\BrPrdctRoutePage.cpp
[2017-09-14 16:36:32.090] [DEBUG] checkCommentSpaces - C:\workspace2\PLDHimeji\pldHR_client\TFT\nt\NewBRM\Page\BrPrdctRoutePage.h
[2017-09-14 16:36:32.093] [DEBUG] checkCommentSpaces - C:\workspace2\PLDHimeji\pldHR_client\TFT\nt\NewBRM\Page\BrProbeinfProbePage.cpp
[2017-09-14 16:36:32.093] [DEBUG] checkCommentSpaces - C:\workspace2\PLDHimeji\pldHR_client\TFT\nt\NewBRM\Page\BrProbeinfProbePage.h
[2017-09-14 16:36:32.095] [DEBUG] checkCommentSpaces - C:\workspace2\PLDHimeji\pldHR_client\TFT\nt\NewBRM\Page\BrQrsDescPage.cpp
[2017-09-14 16:36:32.096] [DEBUG] checkCommentSpaces - C:\workspace2\PLDHimeji\pldHR_client\TFT\nt\NewBRM\Page\BrQrsDescPage.h
[2017-09-14 16:36:32.098] [DEBUG] checkCommentSpaces - C:\workspace2\PLDHimeji\pldHR_client\TFT\nt\NewBRM\Page\BrRmoperDescPage.cpp
[2017-09-14 16:36:32.099] [DEBUG] checkCommentSpaces - C:\workspace2\PLDHimeji\pldHR_client\TFT\nt\NewBRM\Page\BrRmoperDescPage.h
[2017-09-14 16:36:32.099] [DEBUG] checkCommentSpaces - C:\workspace2\PLDHimeji\pldHR_client\TFT\nt\NewBRM\Page\BrRouteBrnPage.cpp
[2017-09-14 16:36:32.100] [DEBUG] checkCommentSpaces - C:\workspace2\PLDHimeji\pldHR_client\TFT\nt\NewBRM\Page\BrRouteBrnPage.h
[2017-09-14 16:36:32.101] [DEBUG] checkCommentSpaces - C:\workspace2\PLDHimeji\pldHR_client\TFT\nt\NewBRM\Page\BrRouteDescPage.cpp
[2017-09-14 16:36:32.104] [DEBUG] checkCommentSpaces - C:\workspace2\PLDHimeji\pldHR_client\TFT\nt\NewBRM\Page\BrRouteDescPage.h
[2017-09-14 16:36:32.106] [DEBUG] checkCommentSpaces - C:\workspace2\PLDHimeji\pldHR_client\TFT\nt\NewBRM\Page\BrRouteRwkPage.cpp
[2017-09-14 16:36:32.107] [DEBUG] checkCommentSpaces - C:\workspace2\PLDHimeji\pldHR_client\TFT\nt\NewBRM\Page\BrRouteRwkPage.h
[2017-09-14 16:36:32.108] [DEBUG] checkCommentSpaces - C:\workspace2\PLDHimeji\pldHR_client\TFT\nt\NewBRM\Page\BrRtclinfRetclstPage.cpp
[2017-09-14 16:36:32.108] [DEBUG] checkCommentSpaces - C:\workspace2\PLDHimeji\pldHR_client\TFT\nt\NewBRM\Page\BrRtclinfRetclstPage.h
[2017-09-14 16:36:32.110] [DEBUG] checkCommentSpaces - C:\workspace2\PLDHimeji\pldHR_client\TFT\nt\NewBRM\Page\BrStkgr1DescPage.cpp
[2017-09-14 16:36:32.111] [DEBUG] checkCommentSpaces - C:\workspace2\PLDHimeji\pldHR_client\TFT\nt\NewBRM\Page\BrStkgr2DescPage.cpp
[2017-09-14 16:36:32.114] [DEBUG] checkCommentSpaces - C:\workspace2\PLDHimeji\pldHR_client\TFT\nt\NewBRM\Page\BrStockerCrstPage.cpp
[2017-09-14 16:36:32.115] [DEBUG] checkCommentSpaces - C:\workspace2\PLDHimeji\pldHR_client\TFT\nt\NewBRM\Page\BrStockerCrstPage.h
[2017-09-14 16:36:32.116] [DEBUG] checkCommentSpaces - C:\workspace2\PLDHimeji\pldHR_client\TFT\nt\NewBRM\Page\BrStockerPortPage.cpp
[2017-09-14 16:36:32.117] [DEBUG] checkCommentSpaces - C:\workspace2\PLDHimeji\pldHR_client\TFT\nt\NewBRM\Page\BrStockerPortPage.h
[2017-09-14 16:36:32.120] [DEBUG] checkCommentSpaces - C:\workspace2\PLDHimeji\pldHR_client\TFT\nt\NewBRM\Page\BrSubLayotLocPage.cpp
[2017-09-14 16:36:32.121] [DEBUG] checkCommentSpaces - C:\workspace2\PLDHimeji\pldHR_client\TFT\nt\NewBRM\Page\BrSubLayotLocPage.h
[2017-09-14 16:36:32.122] [DEBUG] checkCommentSpaces - C:\workspace2\PLDHimeji\pldHR_client\TFT\nt\NewBRM\Page\BrSubLayotSubLocPage.cpp
[2017-09-14 16:36:32.123] [DEBUG] checkCommentSpaces - C:\workspace2\PLDHimeji\pldHR_client\TFT\nt\NewBRM\Page\BrSubLayotSubLocPage.h
[2017-09-14 16:36:32.123] [DEBUG] checkCommentSpaces - find files: 170
[2017-09-14 16:36:32.124] [DEBUG] checkCommentSpaces - C:\workspace2\PLDHimeji\pldHR_client\LCD\nt\NewBRM\Page\BrBrmgrpDescPage.cpp
[2017-09-14 16:36:32.124] [DEBUG] checkCommentSpaces - C:\workspace2\PLDHimeji\pldHR_client\LCD\nt\NewBRM\Page\BrBrmgrpDescPage.h
[2017-09-14 16:36:32.128] [DEBUG] checkCommentSpaces - C:\workspace2\PLDHimeji\pldHR_client\LCD\nt\NewBRM\Page\BrEqptgDescPage.cpp
[2017-09-14 16:36:32.128] [DEBUG] checkCommentSpaces - C:\workspace2\PLDHimeji\pldHR_client\LCD\nt\NewBRM\Page\BrEqptgDescPage.h
[2017-09-14 16:36:32.129] [DEBUG] checkCommentSpaces - C:\workspace2\PLDHimeji\pldHR_client\LCD\nt\NewBRM\Page\BrEqptgr1DescPage.cpp
[2017-09-14 16:36:32.130] [DEBUG] checkCommentSpaces - C:\workspace2\PLDHimeji\pldHR_client\LCD\nt\NewBRM\Page\BrEqptgr2DescPage.cpp
[2017-09-14 16:36:32.130] [DEBUG] checkCommentSpaces - C:\workspace2\PLDHimeji\pldHR_client\LCD\nt\NewBRM\Page\BrEqptPortPage.cpp
[2017-09-14 16:36:32.131] [DEBUG] checkCommentSpaces - C:\workspace2\PLDHimeji\pldHR_client\LCD\nt\NewBRM\Page\BrEqptPortPage.h
[2017-09-14 16:36:32.131] [DEBUG] checkCommentSpaces - C:\workspace2\PLDHimeji\pldHR_client\LCD\nt\NewBRM\Page\BrEqptPositionPage.cpp
[2017-09-14 16:36:32.132] [DEBUG] checkCommentSpaces - C:\workspace2\PLDHimeji\pldHR_client\LCD\nt\NewBRM\Page\BrEqptPositionPage.h
[2017-09-14 16:36:32.133] [DEBUG] checkCommentSpaces - C:\workspace2\PLDHimeji\pldHR_client\LCD\nt\NewBRM\Page\BrHinmokuBomPage.cpp
[2017-09-14 16:36:32.134] [DEBUG] checkCommentSpaces - C:\workspace2\PLDHimeji\pldHR_client\LCD\nt\NewBRM\Page\BrHinmokuBomPage.h
[2017-09-14 16:36:32.135] [DEBUG] checkCommentSpaces - C:\workspace2\PLDHimeji\pldHR_client\LCD\nt\NewBRM\Page\BrHinmokuNumPage.cpp
[2017-09-14 16:36:32.135] [DEBUG] checkCommentSpaces - C:\workspace2\PLDHimeji\pldHR_client\LCD\nt\NewBRM\Page\BrHinmokuNumPage.h
[2017-09-14 16:36:32.135] [DEBUG] checkCommentSpaces - C:\workspace2\PLDHimeji\pldHR_client\LCD\nt\NewBRM\Page\BrHinmokuPartsPage.cpp
[2017-09-14 16:36:32.136] [DEBUG] checkCommentSpaces - C:\workspace2\PLDHimeji\pldHR_client\LCD\nt\NewBRM\Page\BrHinmokuPartsPage.h
[2017-09-14 16:36:32.137] [DEBUG] checkCommentSpaces - C:\workspace2\PLDHimeji\pldHR_client\LCD\nt\NewBRM\Page\BrLayotgDescPage.cpp
[2017-09-14 16:36:32.138] [DEBUG] checkCommentSpaces - C:\workspace2\PLDHimeji\pldHR_client\LCD\nt\NewBRM\Page\BrLayotgDescPage.h
[2017-09-14 16:36:32.138] [DEBUG] checkCommentSpaces - C:\workspace2\PLDHimeji\pldHR_client\LCD\nt\NewBRM\Page\BrLayotLocPage.cpp
[2017-09-14 16:36:32.138] [DEBUG] checkCommentSpaces - C:\workspace2\PLDHimeji\pldHR_client\LCD\nt\NewBRM\Page\BrLayotLocPage.h
[2017-09-14 16:36:32.141] [DEBUG] checkCommentSpaces - C:\workspace2\PLDHimeji\pldHR_client\LCD\nt\NewBRM\Page\BrMlabelItemPage.cpp
[2017-09-14 16:36:32.141] [DEBUG] checkCommentSpaces - C:\workspace2\PLDHimeji\pldHR_client\LCD\nt\NewBRM\Page\BrMlabelItemPage.h
[2017-09-14 16:36:32.142] [DEBUG] checkCommentSpaces - C:\workspace2\PLDHimeji\pldHR_client\LCD\nt\NewBRM\Page\BrMldeltaDataPage.cpp
[2017-09-14 16:36:32.142] [DEBUG] checkCommentSpaces - C:\workspace2\PLDHimeji\pldHR_client\LCD\nt\NewBRM\Page\BrMldeltaDataPage.h
[2017-09-14 16:36:32.144] [DEBUG] checkCommentSpaces - C:\workspace2\PLDHimeji\pldHR_client\LCD\nt\NewBRM\Page\BrMssgrpDescPage.cpp
[2017-09-14 16:36:32.144] [DEBUG] checkCommentSpaces - C:\workspace2\PLDHimeji\pldHR_client\LCD\nt\NewBRM\Page\BrMssgrpDescPage.h
[2017-09-14 16:36:32.145] [DEBUG] checkCommentSpaces - C:\workspace2\PLDHimeji\pldHR_client\LCD\nt\NewBRM\Page\BrMtrlctCutPage.cpp
[2017-09-14 16:36:32.145] [DEBUG] checkCommentSpaces - C:\workspace2\PLDHimeji\pldHR_client\LCD\nt\NewBRM\Page\BrMtrlctCutPage.h
[2017-09-14 16:36:32.146] [DEBUG] checkCommentSpaces - C:\workspace2\PLDHimeji\pldHR_client\LCD\nt\NewBRM\Page\BrMtrlctDescPage.cpp
[2017-09-14 16:36:32.147] [DEBUG] checkCommentSpaces - C:\workspace2\PLDHimeji\pldHR_client\LCD\nt\NewBRM\Page\BrMtrlctDescPage.h
[2017-09-14 16:36:32.148] [DEBUG] checkCommentSpaces - C:\workspace2\PLDHimeji\pldHR_client\LCD\nt\NewBRM\Page\BrMtrlctDetailPage.cpp
[2017-09-14 16:36:32.148] [DEBUG] checkCommentSpaces - C:\workspace2\PLDHimeji\pldHR_client\LCD\nt\NewBRM\Page\BrMtrlctDetailPage.h
[2017-09-14 16:36:32.149] [DEBUG] checkCommentSpaces - C:\workspace2\PLDHimeji\pldHR_client\LCD\nt\NewBRM\Page\BrMtrlprdDescPage.cpp
[2017-09-14 16:36:32.149] [DEBUG] checkCommentSpaces - C:\workspace2\PLDHimeji\pldHR_client\LCD\nt\NewBRM\Page\BrMtrlprdDescPage.h
[2017-09-14 16:36:32.150] [DEBUG] checkCommentSpaces - C:\workspace2\PLDHimeji\pldHR_client\LCD\nt\NewBRM\Page\BrMtrlprdSrcPage.cpp
[2017-09-14 16:36:32.150] [DEBUG] checkCommentSpaces - C:\workspace2\PLDHimeji\pldHR_client\LCD\nt\NewBRM\Page\BrMtrlprdSrcPage.h
[2017-09-14 16:36:32.152] [DEBUG] checkCommentSpaces - C:\workspace2\PLDHimeji\pldHR_client\LCD\nt\NewBRM\Page\BrOperSedcPage.cpp
[2017-09-14 16:36:32.152] [DEBUG] checkCommentSpaces - C:\workspace2\PLDHimeji\pldHR_client\LCD\nt\NewBRM\Page\BrOperSedcPage.h
[2017-09-14 16:36:32.152] [DEBUG] checkCommentSpaces - C:\workspace2\PLDHimeji\pldHR_client\LCD\nt\NewBRM\Page\BrOpigrpDescPage.cpp
[2017-09-14 16:36:32.153] [DEBUG] checkCommentSpaces - C:\workspace2\PLDHimeji\pldHR_client\LCD\nt\NewBRM\Page\BrOpigrpDescPage.h
[2017-09-14 16:36:32.155] [DEBUG] checkCommentSpaces - C:\workspace2\PLDHimeji\pldHR_client\LCD\nt\NewBRM\Page\BrParamRcpPage.cpp
[2017-09-14 16:36:32.155] [DEBUG] checkCommentSpaces - C:\workspace2\PLDHimeji\pldHR_client\LCD\nt\NewBRM\Page\BrParamRcpPage.h
[2017-09-14 16:36:32.159] [DEBUG] checkCommentSpaces - C:\workspace2\PLDHimeji\pldHR_client\LCD\nt\NewBRM\Page\BrPrdctlcmRankPage.cpp
[2017-09-14 16:36:32.160] [DEBUG] checkCommentSpaces - C:\workspace2\PLDHimeji\pldHR_client\LCD\nt\NewBRM\Page\BrPrdctlcmRankPage.h
[2017-09-14 16:36:32.160] [DEBUG] checkCommentSpaces - C:\workspace2\PLDHimeji\pldHR_client\LCD\nt\NewBRM\Page\BrPrdctmcLcmPage.cpp
[2017-09-14 16:36:32.161] [DEBUG] checkCommentSpaces - C:\workspace2\PLDHimeji\pldHR_client\LCD\nt\NewBRM\Page\BrPrdctmcLcmPage.h
[2017-09-14 16:36:32.163] [DEBUG] checkCommentSpaces - C:\workspace2\PLDHimeji\pldHR_client\LCD\nt\NewBRM\Page\BrPrdctmcRankPage.cpp
[2017-09-14 16:36:32.164] [DEBUG] checkCommentSpaces - C:\workspace2\PLDHimeji\pldHR_client\LCD\nt\NewBRM\Page\BrPrdctmcRankPage.h
[2017-09-14 16:36:32.164] [DEBUG] checkCommentSpaces - C:\workspace2\PLDHimeji\pldHR_client\LCD\nt\NewBRM\Page\BrPrdctMtrlprdPage.cpp
[2017-09-14 16:36:32.164] [DEBUG] checkCommentSpaces - C:\workspace2\PLDHimeji\pldHR_client\LCD\nt\NewBRM\Page\BrPrdctMtrlprdPage.h
[2017-09-14 16:36:32.165] [DEBUG] checkCommentSpaces - C:\workspace2\PLDHimeji\pldHR_client\LCD\nt\NewBRM\Page\BrPrdctRankPage.cpp
[2017-09-14 16:36:32.165] [DEBUG] checkCommentSpaces - C:\workspace2\PLDHimeji\pldHR_client\LCD\nt\NewBRM\Page\BrPrdctRankPage.h
[2017-09-14 16:36:32.166] [DEBUG] checkCommentSpaces - C:\workspace2\PLDHimeji\pldHR_client\LCD\nt\NewBRM\Page\BrPrdctRprPage.cpp
[2017-09-14 16:36:32.166] [DEBUG] checkCommentSpaces - C:\workspace2\PLDHimeji\pldHR_client\LCD\nt\NewBRM\Page\BrPrdctRprPage.h
[2017-09-14 16:36:32.167] [DEBUG] checkCommentSpaces - C:\workspace2\PLDHimeji\pldHR_client\LCD\nt\NewBRM\Page\BrQrsDescPage.cpp
[2017-09-14 16:36:32.167] [DEBUG] checkCommentSpaces - C:\workspace2\PLDHimeji\pldHR_client\LCD\nt\NewBRM\Page\BrQrsDescPage.h
[2017-09-14 16:36:32.169] [DEBUG] checkCommentSpaces - C:\workspace2\PLDHimeji\pldHR_client\LCD\nt\NewBRM\Page\BrRmoperDescPage.cpp
[2017-09-14 16:36:32.169] [DEBUG] checkCommentSpaces - C:\workspace2\PLDHimeji\pldHR_client\LCD\nt\NewBRM\Page\BrRmoperDescPage.h
[2017-09-14 16:36:32.170] [DEBUG] checkCommentSpaces - C:\workspace2\PLDHimeji\pldHR_client\LCD\nt\NewBRM\Page\BrRouteDescPage.cpp
[2017-09-14 16:36:32.171] [DEBUG] checkCommentSpaces - C:\workspace2\PLDHimeji\pldHR_client\LCD\nt\NewBRM\Page\BrRouteDescPage.h
[2017-09-14 16:36:32.173] [DEBUG] checkCommentSpaces - C:\workspace2\PLDHimeji\pldHR_client\LCD\nt\NewBRM\Page\BrStkgr1DescPage.cpp
[2017-09-14 16:36:32.174] [DEBUG] checkCommentSpaces - C:\workspace2\PLDHimeji\pldHR_client\LCD\nt\NewBRM\Page\BrStkgr2DescPage.cpp
[2017-09-14 16:36:32.176] [DEBUG] checkCommentSpaces - C:\workspace2\PLDHimeji\pldHR_client\LCD\nt\NewBRM\Page\BrStockerCrstPage.cpp
[2017-09-14 16:36:32.181] [DEBUG] checkCommentSpaces - C:\workspace2\PLDHimeji\pldHR_client\LCD\nt\NewBRM\Page\BrStockerCrstPage.h
[2017-09-14 16:36:32.182] [DEBUG] checkCommentSpaces - C:\workspace2\PLDHimeji\pldHR_client\LCD\nt\NewBRM\Page\BrStockerPortPage.cpp
[2017-09-14 16:36:32.183] [DEBUG] checkCommentSpaces - C:\workspace2\PLDHimeji\pldHR_client\LCD\nt\NewBRM\Page\BrStockerPortPage.h
[2017-09-14 16:36:32.185] [DEBUG] checkCommentSpaces - C:\workspace2\PLDHimeji\pldHR_client\LCD\nt\NewBRM\Page\BrSubLayotLocPage.cpp
[2017-09-14 16:36:32.185] [DEBUG] checkCommentSpaces - C:\workspace2\PLDHimeji\pldHR_client\LCD\nt\NewBRM\Page\BrSubLayotLocPage.h
[2017-09-14 16:36:32.187] [DEBUG] checkCommentSpaces - C:\workspace2\PLDHimeji\pldHR_client\LCD\nt\NewBRM\Page\BrSubLayotSubLocPage.cpp
[2017-09-14 16:36:32.187] [DEBUG] checkCommentSpaces - C:\workspace2\PLDHimeji\pldHR_client\LCD\nt\NewBRM\Page\BrSubLayotSubLocPage.h
[2017-09-14 16:36:32.188] [DEBUG] checkCommentSpaces - C:\workspace2\PLDHimeji\pldHR_client\LCD\nt\NewBRM\Page\BrWordercateMixPage.h
[2017-09-14 16:37:00.270] [INFO] checkCommentSpaces - step in checkSpacks()
[2017-09-14 16:37:00.280] [DEBUG] checkCommentSpaces - find files: 168
[2017-09-14 16:37:00.331] [DEBUG] checkCommentSpaces - C:\workspace2\PLDHimeji\pldHR_client\TFT\nt\NewBRM\Page\BrBrmgrpDescPage.cpp
[2017-09-14 16:37:00.331] [DEBUG] checkCommentSpaces - C:\workspace2\PLDHimeji\pldHR_client\TFT\nt\NewBRM\Page\BrBrmgrpDescPage.h
[2017-09-14 16:37:00.335] [DEBUG] checkCommentSpaces - C:\workspace2\PLDHimeji\pldHR_client\TFT\nt\NewBRM\Page\BrEqprchgDescPage.cpp
[2017-09-14 16:37:00.335] [DEBUG] checkCommentSpaces - C:\workspace2\PLDHimeji\pldHR_client\TFT\nt\NewBRM\Page\BrEqprchgDescPage.h
[2017-09-14 16:37:00.338] [DEBUG] checkCommentSpaces - C:\workspace2\PLDHimeji\pldHR_client\TFT\nt\NewBRM\Page\BrEqptgr1DescPage.cpp
[2017-09-14 16:37:00.338] [DEBUG] checkCommentSpaces - C:\workspace2\PLDHimeji\pldHR_client\TFT\nt\NewBRM\Page\BrEqptgr2DescPage.cpp
[2017-09-14 16:37:00.339] [DEBUG] checkCommentSpaces - C:\workspace2\PLDHimeji\pldHR_client\TFT\nt\NewBRM\Page\BrEqptPortPage.cpp
[2017-09-14 16:37:00.339] [DEBUG] checkCommentSpaces - C:\workspace2\PLDHimeji\pldHR_client\TFT\nt\NewBRM\Page\BrEqptPortPage.h
[2017-09-14 16:37:00.343] [DEBUG] checkCommentSpaces - C:\workspace2\PLDHimeji\pldHR_client\TFT\nt\NewBRM\Page\BrHinmokuBomPage.cpp
[2017-09-14 16:37:00.344] [DEBUG] checkCommentSpaces - C:\workspace2\PLDHimeji\pldHR_client\TFT\nt\NewBRM\Page\BrHinmokuBomPage.h
[2017-09-14 16:37:00.346] [DEBUG] checkCommentSpaces - C:\workspace2\PLDHimeji\pldHR_client\TFT\nt\NewBRM\Page\BrHinmokuNumPage.cpp
[2017-09-14 16:37:00.347] [DEBUG] checkCommentSpaces - C:\workspace2\PLDHimeji\pldHR_client\TFT\nt\NewBRM\Page\BrHinmokuNumPage.h
[2017-09-14 16:37:00.347] [DEBUG] checkCommentSpaces - C:\workspace2\PLDHimeji\pldHR_client\TFT\nt\NewBRM\Page\BrHinmokuPartsPage.cpp
[2017-09-14 16:37:00.348] [DEBUG] checkCommentSpaces - C:\workspace2\PLDHimeji\pldHR_client\TFT\nt\NewBRM\Page\BrHinmokuPartsPage.h
[2017-09-14 16:37:00.350] [DEBUG] checkCommentSpaces - C:\workspace2\PLDHimeji\pldHR_client\TFT\nt\NewBRM\Page\BrIfthenactRcpPage.cpp
[2017-09-14 16:37:00.351] [DEBUG] checkCommentSpaces - C:\workspace2\PLDHimeji\pldHR_client\TFT\nt\NewBRM\Page\BrIfthenactRcpPage.h
[2017-09-14 16:37:00.351] [DEBUG] checkCommentSpaces - C:\workspace2\PLDHimeji\pldHR_client\TFT\nt\NewBRM\Page\BrIfthencndDescPage.cpp
[2017-09-14 16:37:00.352] [DEBUG] checkCommentSpaces - C:\workspace2\PLDHimeji\pldHR_client\TFT\nt\NewBRM\Page\BrIfthencndDescPage.h
[2017-09-14 16:37:00.356] [DEBUG] checkCommentSpaces - C:\workspace2\PLDHimeji\pldHR_client\TFT\nt\NewBRM\Page\BrLayotLocPage.cpp
[2017-09-14 16:37:00.357] [DEBUG] checkCommentSpaces - C:\workspace2\PLDHimeji\pldHR_client\TFT\nt\NewBRM\Page\BrLayotLocPage.h
[2017-09-14 16:37:00.366] [DEBUG] checkCommentSpaces - C:\workspace2\PLDHimeji\pldHR_client\TFT\nt\NewBRM\Page\BrMlabelItemPage.cpp
[2017-09-14 16:37:00.367] [DEBUG] checkCommentSpaces - C:\workspace2\PLDHimeji\pldHR_client\TFT\nt\NewBRM\Page\BrMlabelItemPage.h
[2017-09-14 16:37:00.367] [DEBUG] checkCommentSpaces - C:\workspace2\PLDHimeji\pldHR_client\TFT\nt\NewBRM\Page\BrMldeltaDataPage.cpp
[2017-09-14 16:37:00.367] [DEBUG] checkCommentSpaces - C:\workspace2\PLDHimeji\pldHR_client\TFT\nt\NewBRM\Page\BrMldeltaDataPage.h
[2017-09-14 16:37:00.369] [DEBUG] checkCommentSpaces - C:\workspace2\PLDHimeji\pldHR_client\TFT\nt\NewBRM\Page\BrMssgrpDescPage.cpp
[2017-09-14 16:37:00.370] [DEBUG] checkCommentSpaces - C:\workspace2\PLDHimeji\pldHR_client\TFT\nt\NewBRM\Page\BrMssgrpDescPage.h
[2017-09-14 16:37:00.373] [DEBUG] checkCommentSpaces - C:\workspace2\PLDHimeji\pldHR_client\TFT\nt\NewBRM\Page\BrOhvcOhvstPage.cpp
[2017-09-14 16:37:00.373] [DEBUG] checkCommentSpaces - C:\workspace2\PLDHimeji\pldHR_client\TFT\nt\NewBRM\Page\BrOhvcOhvstPage.h
[2017-09-14 16:37:00.374] [DEBUG] checkCommentSpaces - C:\workspace2\PLDHimeji\pldHR_client\TFT\nt\NewBRM\Page\BrOpercntDescPage.cpp
[2017-09-14 16:37:00.375] [DEBUG] checkCommentSpaces - C:\workspace2\PLDHimeji\pldHR_client\TFT\nt\NewBRM\Page\BrOpercntDescPage.h
[2017-09-14 16:37:00.378] [DEBUG] checkCommentSpaces - C:\workspace2\PLDHimeji\pldHR_client\TFT\nt\NewBRM\Page\BrOperracDescPage.cpp
[2017-09-14 16:37:00.378] [DEBUG] checkCommentSpaces - C:\workspace2\PLDHimeji\pldHR_client\TFT\nt\NewBRM\Page\BrOperracDescPage.h
[2017-09-14 16:37:00.379] [DEBUG] checkCommentSpaces - C:\workspace2\PLDHimeji\pldHR_client\TFT\nt\NewBRM\Page\BrOpigrpDescPage.cpp
[2017-09-14 16:37:00.380] [DEBUG] checkCommentSpaces - C:\workspace2\PLDHimeji\pldHR_client\TFT\nt\NewBRM\Page\BrOpigrpDescPage.h
[2017-09-14 16:37:00.382] [DEBUG] checkCommentSpaces - C:\workspace2\PLDHimeji\pldHR_client\TFT\nt\NewBRM\Page\BrParamRcpPage.cpp
[2017-09-14 16:37:00.382] [DEBUG] checkCommentSpaces - C:\workspace2\PLDHimeji\pldHR_client\TFT\nt\NewBRM\Page\BrParamRcpPage.h
[2017-09-14 16:37:00.385] [DEBUG] checkCommentSpaces - C:\workspace2\PLDHimeji\pldHR_client\TFT\nt\NewBRM\Page\BrPrdctDescPage.cpp
[2017-09-14 16:37:00.386] [DEBUG] checkCommentSpaces - C:\workspace2\PLDHimeji\pldHR_client\TFT\nt\NewBRM\Page\BrPrdctDescPage.h
[2017-09-14 16:37:00.387] [DEBUG] checkCommentSpaces - C:\workspace2\PLDHimeji\pldHR_client\TFT\nt\NewBRM\Page\BrPrdctMtrlprdPage.cpp
[2017-09-14 16:37:00.387] [DEBUG] checkCommentSpaces - C:\workspace2\PLDHimeji\pldHR_client\TFT\nt\NewBRM\Page\BrPrdctMtrlprdPage.h
[2017-09-14 16:37:00.388] [DEBUG] checkCommentSpaces - C:\workspace2\PLDHimeji\pldHR_client\TFT\nt\NewBRM\Page\BrPrdctRoutePage.cpp
[2017-09-14 16:37:00.388] [DEBUG] checkCommentSpaces - C:\workspace2\PLDHimeji\pldHR_client\TFT\nt\NewBRM\Page\BrPrdctRoutePage.h
[2017-09-14 16:37:00.390] [DEBUG] checkCommentSpaces - C:\workspace2\PLDHimeji\pldHR_client\TFT\nt\NewBRM\Page\BrProbeinfProbePage.cpp
[2017-09-14 16:37:00.391] [DEBUG] checkCommentSpaces - C:\workspace2\PLDHimeji\pldHR_client\TFT\nt\NewBRM\Page\BrProbeinfProbePage.h
[2017-09-14 16:37:00.393] [DEBUG] checkCommentSpaces - C:\workspace2\PLDHimeji\pldHR_client\TFT\nt\NewBRM\Page\BrQrsDescPage.cpp
[2017-09-14 16:37:00.395] [DEBUG] checkCommentSpaces - C:\workspace2\PLDHimeji\pldHR_client\TFT\nt\NewBRM\Page\BrQrsDescPage.h
[2017-09-14 16:37:00.396] [DEBUG] checkCommentSpaces - C:\workspace2\PLDHimeji\pldHR_client\TFT\nt\NewBRM\Page\BrRmoperDescPage.cpp
[2017-09-14 16:37:00.397] [DEBUG] checkCommentSpaces - C:\workspace2\PLDHimeji\pldHR_client\TFT\nt\NewBRM\Page\BrRmoperDescPage.h
[2017-09-14 16:37:00.397] [DEBUG] checkCommentSpaces - C:\workspace2\PLDHimeji\pldHR_client\TFT\nt\NewBRM\Page\BrRouteBrnPage.cpp
[2017-09-14 16:37:00.397] [DEBUG] checkCommentSpaces - C:\workspace2\PLDHimeji\pldHR_client\TFT\nt\NewBRM\Page\BrRouteBrnPage.h
[2017-09-14 16:37:00.398] [DEBUG] checkCommentSpaces - C:\workspace2\PLDHimeji\pldHR_client\TFT\nt\NewBRM\Page\BrRouteDescPage.cpp
[2017-09-14 16:37:00.402] [DEBUG] checkCommentSpaces - C:\workspace2\PLDHimeji\pldHR_client\TFT\nt\NewBRM\Page\BrRouteDescPage.h
[2017-09-14 16:37:00.403] [DEBUG] checkCommentSpaces - C:\workspace2\PLDHimeji\pldHR_client\TFT\nt\NewBRM\Page\BrRouteRwkPage.cpp
[2017-09-14 16:37:00.404] [DEBUG] checkCommentSpaces - C:\workspace2\PLDHimeji\pldHR_client\TFT\nt\NewBRM\Page\BrRouteRwkPage.h
[2017-09-14 16:37:00.405] [DEBUG] checkCommentSpaces - C:\workspace2\PLDHimeji\pldHR_client\TFT\nt\NewBRM\Page\BrRtclinfRetclstPage.cpp
[2017-09-14 16:37:00.405] [DEBUG] checkCommentSpaces - C:\workspace2\PLDHimeji\pldHR_client\TFT\nt\NewBRM\Page\BrRtclinfRetclstPage.h
[2017-09-14 16:37:00.407] [DEBUG] checkCommentSpaces - C:\workspace2\PLDHimeji\pldHR_client\TFT\nt\NewBRM\Page\BrStkgr1DescPage.cpp
[2017-09-14 16:37:00.408] [DEBUG] checkCommentSpaces - C:\workspace2\PLDHimeji\pldHR_client\TFT\nt\NewBRM\Page\BrStkgr2DescPage.cpp
[2017-09-14 16:37:00.409] [DEBUG] checkCommentSpaces - C:\workspace2\PLDHimeji\pldHR_client\TFT\nt\NewBRM\Page\BrStockerCrstPage.cpp
[2017-09-14 16:37:00.411] [DEBUG] checkCommentSpaces - C:\workspace2\PLDHimeji\pldHR_client\TFT\nt\NewBRM\Page\BrStockerCrstPage.h
[2017-09-14 16:37:00.416] [DEBUG] checkCommentSpaces - C:\workspace2\PLDHimeji\pldHR_client\TFT\nt\NewBRM\Page\BrStockerPortPage.cpp
[2017-09-14 16:37:00.417] [DEBUG] checkCommentSpaces - C:\workspace2\PLDHimeji\pldHR_client\TFT\nt\NewBRM\Page\BrStockerPortPage.h
[2017-09-14 16:37:00.420] [DEBUG] checkCommentSpaces - C:\workspace2\PLDHimeji\pldHR_client\TFT\nt\NewBRM\Page\BrSubLayotLocPage.cpp
[2017-09-14 16:37:00.420] [DEBUG] checkCommentSpaces - C:\workspace2\PLDHimeji\pldHR_client\TFT\nt\NewBRM\Page\BrSubLayotLocPage.h
[2017-09-14 16:37:00.425] [DEBUG] checkCommentSpaces - C:\workspace2\PLDHimeji\pldHR_client\TFT\nt\NewBRM\Page\BrSubLayotSubLocPage.cpp
[2017-09-14 16:37:00.425] [DEBUG] checkCommentSpaces - C:\workspace2\PLDHimeji\pldHR_client\TFT\nt\NewBRM\Page\BrSubLayotSubLocPage.h
[2017-09-14 16:37:00.426] [DEBUG] checkCommentSpaces - find files: 170
[2017-09-14 16:37:00.426] [DEBUG] checkCommentSpaces - C:\workspace2\PLDHimeji\pldHR_client\LCD\nt\NewBRM\Page\BrBrmgrpDescPage.cpp
[2017-09-14 16:37:00.427] [DEBUG] checkCommentSpaces - C:\workspace2\PLDHimeji\pldHR_client\LCD\nt\NewBRM\Page\BrBrmgrpDescPage.h
[2017-09-14 16:37:00.431] [DEBUG] checkCommentSpaces - C:\workspace2\PLDHimeji\pldHR_client\LCD\nt\NewBRM\Page\BrEqptgDescPage.cpp
[2017-09-14 16:37:00.431] [DEBUG] checkCommentSpaces - C:\workspace2\PLDHimeji\pldHR_client\LCD\nt\NewBRM\Page\BrEqptgDescPage.h
[2017-09-14 16:37:00.432] [DEBUG] checkCommentSpaces - C:\workspace2\PLDHimeji\pldHR_client\LCD\nt\NewBRM\Page\BrEqptgr1DescPage.cpp
[2017-09-14 16:37:00.433] [DEBUG] checkCommentSpaces - C:\workspace2\PLDHimeji\pldHR_client\LCD\nt\NewBRM\Page\BrEqptgr2DescPage.cpp
[2017-09-14 16:37:00.434] [DEBUG] checkCommentSpaces - C:\workspace2\PLDHimeji\pldHR_client\LCD\nt\NewBRM\Page\BrEqptPortPage.cpp
[2017-09-14 16:37:00.434] [DEBUG] checkCommentSpaces - C:\workspace2\PLDHimeji\pldHR_client\LCD\nt\NewBRM\Page\BrEqptPortPage.h
[2017-09-14 16:37:00.434] [DEBUG] checkCommentSpaces - C:\workspace2\PLDHimeji\pldHR_client\LCD\nt\NewBRM\Page\BrEqptPositionPage.cpp
[2017-09-14 16:37:00.435] [DEBUG] checkCommentSpaces - C:\workspace2\PLDHimeji\pldHR_client\LCD\nt\NewBRM\Page\BrEqptPositionPage.h
[2017-09-14 16:37:00.436] [DEBUG] checkCommentSpaces - C:\workspace2\PLDHimeji\pldHR_client\LCD\nt\NewBRM\Page\BrHinmokuBomPage.cpp
[2017-09-14 16:37:00.437] [DEBUG] checkCommentSpaces - C:\workspace2\PLDHimeji\pldHR_client\LCD\nt\NewBRM\Page\BrHinmokuBomPage.h
[2017-09-14 16:37:00.437] [DEBUG] checkCommentSpaces - C:\workspace2\PLDHimeji\pldHR_client\LCD\nt\NewBRM\Page\BrHinmokuNumPage.cpp
[2017-09-14 16:37:00.438] [DEBUG] checkCommentSpaces - C:\workspace2\PLDHimeji\pldHR_client\LCD\nt\NewBRM\Page\BrHinmokuNumPage.h
[2017-09-14 16:37:00.438] [DEBUG] checkCommentSpaces - C:\workspace2\PLDHimeji\pldHR_client\LCD\nt\NewBRM\Page\BrHinmokuPartsPage.cpp
[2017-09-14 16:37:00.439] [DEBUG] checkCommentSpaces - C:\workspace2\PLDHimeji\pldHR_client\LCD\nt\NewBRM\Page\BrHinmokuPartsPage.h
[2017-09-14 16:37:00.440] [DEBUG] checkCommentSpaces - C:\workspace2\PLDHimeji\pldHR_client\LCD\nt\NewBRM\Page\BrLayotgDescPage.cpp
[2017-09-14 16:37:00.441] [DEBUG] checkCommentSpaces - C:\workspace2\PLDHimeji\pldHR_client\LCD\nt\NewBRM\Page\BrLayotgDescPage.h
[2017-09-14 16:37:00.442] [DEBUG] checkCommentSpaces - C:\workspace2\PLDHimeji\pldHR_client\LCD\nt\NewBRM\Page\BrLayotLocPage.cpp
[2017-09-14 16:37:00.442] [DEBUG] checkCommentSpaces - C:\workspace2\PLDHimeji\pldHR_client\LCD\nt\NewBRM\Page\BrLayotLocPage.h
[2017-09-14 16:37:00.445] [DEBUG] checkCommentSpaces - C:\workspace2\PLDHimeji\pldHR_client\LCD\nt\NewBRM\Page\BrMlabelItemPage.cpp
[2017-09-14 16:37:00.445] [DEBUG] checkCommentSpaces - C:\workspace2\PLDHimeji\pldHR_client\LCD\nt\NewBRM\Page\BrMlabelItemPage.h
[2017-09-14 16:37:00.445] [DEBUG] checkCommentSpaces - C:\workspace2\PLDHimeji\pldHR_client\LCD\nt\NewBRM\Page\BrMldeltaDataPage.cpp
[2017-09-14 16:37:00.446] [DEBUG] checkCommentSpaces - C:\workspace2\PLDHimeji\pldHR_client\LCD\nt\NewBRM\Page\BrMldeltaDataPage.h
[2017-09-14 16:37:00.447] [DEBUG] checkCommentSpaces - C:\workspace2\PLDHimeji\pldHR_client\LCD\nt\NewBRM\Page\BrMssgrpDescPage.cpp
[2017-09-14 16:37:00.448] [DEBUG] checkCommentSpaces - C:\workspace2\PLDHimeji\pldHR_client\LCD\nt\NewBRM\Page\BrMssgrpDescPage.h
[2017-09-14 16:37:00.449] [DEBUG] checkCommentSpaces - C:\workspace2\PLDHimeji\pldHR_client\LCD\nt\NewBRM\Page\BrMtrlctCutPage.cpp
[2017-09-14 16:37:00.450] [DEBUG] checkCommentSpaces - C:\workspace2\PLDHimeji\pldHR_client\LCD\nt\NewBRM\Page\BrMtrlctCutPage.h
[2017-09-14 16:37:00.452] [DEBUG] checkCommentSpaces - C:\workspace2\PLDHimeji\pldHR_client\LCD\nt\NewBRM\Page\BrMtrlctDescPage.cpp
[2017-09-14 16:37:00.453] [DEBUG] checkCommentSpaces - C:\workspace2\PLDHimeji\pldHR_client\LCD\nt\NewBRM\Page\BrMtrlctDescPage.h
[2017-09-14 16:37:00.454] [DEBUG] checkCommentSpaces - C:\workspace2\PLDHimeji\pldHR_client\LCD\nt\NewBRM\Page\BrMtrlctDetailPage.cpp
[2017-09-14 16:37:00.455] [DEBUG] checkCommentSpaces - C:\workspace2\PLDHimeji\pldHR_client\LCD\nt\NewBRM\Page\BrMtrlctDetailPage.h
[2017-09-14 16:37:00.456] [DEBUG] checkCommentSpaces - C:\workspace2\PLDHimeji\pldHR_client\LCD\nt\NewBRM\Page\BrMtrlprdDescPage.cpp
[2017-09-14 16:37:00.456] [DEBUG] checkCommentSpaces - C:\workspace2\PLDHimeji\pldHR_client\LCD\nt\NewBRM\Page\BrMtrlprdDescPage.h
[2017-09-14 16:37:00.457] [DEBUG] checkCommentSpaces - C:\workspace2\PLDHimeji\pldHR_client\LCD\nt\NewBRM\Page\BrMtrlprdSrcPage.cpp
[2017-09-14 16:37:00.457] [DEBUG] checkCommentSpaces - C:\workspace2\PLDHimeji\pldHR_client\LCD\nt\NewBRM\Page\BrMtrlprdSrcPage.h
[2017-09-14 16:37:00.458] [DEBUG] checkCommentSpaces - C:\workspace2\PLDHimeji\pldHR_client\LCD\nt\NewBRM\Page\BrOperSedcPage.cpp
[2017-09-14 16:37:00.459] [DEBUG] checkCommentSpaces - C:\workspace2\PLDHimeji\pldHR_client\LCD\nt\NewBRM\Page\BrOperSedcPage.h
[2017-09-14 16:37:00.459] [DEBUG] checkCommentSpaces - C:\workspace2\PLDHimeji\pldHR_client\LCD\nt\NewBRM\Page\BrOpigrpDescPage.cpp
[2017-09-14 16:37:00.460] [DEBUG] checkCommentSpaces - C:\workspace2\PLDHimeji\pldHR_client\LCD\nt\NewBRM\Page\BrOpigrpDescPage.h
[2017-09-14 16:37:00.462] [DEBUG] checkCommentSpaces - C:\workspace2\PLDHimeji\pldHR_client\LCD\nt\NewBRM\Page\BrParamRcpPage.cpp
[2017-09-14 16:37:00.462] [DEBUG] checkCommentSpaces - C:\workspace2\PLDHimeji\pldHR_client\LCD\nt\NewBRM\Page\BrParamRcpPage.h
[2017-09-14 16:37:00.467] [DEBUG] checkCommentSpaces - C:\workspace2\PLDHimeji\pldHR_client\LCD\nt\NewBRM\Page\BrPrdctlcmRankPage.cpp
[2017-09-14 16:37:00.468] [DEBUG] checkCommentSpaces - C:\workspace2\PLDHimeji\pldHR_client\LCD\nt\NewBRM\Page\BrPrdctlcmRankPage.h
[2017-09-14 16:37:00.469] [DEBUG] checkCommentSpaces - C:\workspace2\PLDHimeji\pldHR_client\LCD\nt\NewBRM\Page\BrPrdctmcLcmPage.cpp
[2017-09-14 16:37:00.470] [DEBUG] checkCommentSpaces - C:\workspace2\PLDHimeji\pldHR_client\LCD\nt\NewBRM\Page\BrPrdctmcLcmPage.h
[2017-09-14 16:37:00.471] [DEBUG] checkCommentSpaces - C:\workspace2\PLDHimeji\pldHR_client\LCD\nt\NewBRM\Page\BrPrdctmcRankPage.cpp
[2017-09-14 16:37:00.471] [DEBUG] checkCommentSpaces - C:\workspace2\PLDHimeji\pldHR_client\LCD\nt\NewBRM\Page\BrPrdctmcRankPage.h
[2017-09-14 16:37:00.472] [DEBUG] checkCommentSpaces - C:\workspace2\PLDHimeji\pldHR_client\LCD\nt\NewBRM\Page\BrPrdctMtrlprdPage.cpp
[2017-09-14 16:37:00.473] [DEBUG] checkCommentSpaces - C:\workspace2\PLDHimeji\pldHR_client\LCD\nt\NewBRM\Page\BrPrdctMtrlprdPage.h
[2017-09-14 16:37:00.474] [DEBUG] checkCommentSpaces - C:\workspace2\PLDHimeji\pldHR_client\LCD\nt\NewBRM\Page\BrPrdctRankPage.cpp
[2017-09-14 16:37:00.474] [DEBUG] checkCommentSpaces - C:\workspace2\PLDHimeji\pldHR_client\LCD\nt\NewBRM\Page\BrPrdctRankPage.h
[2017-09-14 16:37:00.475] [DEBUG] checkCommentSpaces - C:\workspace2\PLDHimeji\pldHR_client\LCD\nt\NewBRM\Page\BrPrdctRprPage.cpp
[2017-09-14 16:37:00.476] [DEBUG] checkCommentSpaces - C:\workspace2\PLDHimeji\pldHR_client\LCD\nt\NewBRM\Page\BrPrdctRprPage.h
[2017-09-14 16:37:00.477] [DEBUG] checkCommentSpaces - C:\workspace2\PLDHimeji\pldHR_client\LCD\nt\NewBRM\Page\BrQrsDescPage.cpp
[2017-09-14 16:37:00.478] [DEBUG] checkCommentSpaces - C:\workspace2\PLDHimeji\pldHR_client\LCD\nt\NewBRM\Page\BrQrsDescPage.h
[2017-09-14 16:37:00.479] [DEBUG] checkCommentSpaces - C:\workspace2\PLDHimeji\pldHR_client\LCD\nt\NewBRM\Page\BrRmoperDescPage.cpp
[2017-09-14 16:37:00.480] [DEBUG] checkCommentSpaces - C:\workspace2\PLDHimeji\pldHR_client\LCD\nt\NewBRM\Page\BrRmoperDescPage.h
[2017-09-14 16:37:00.482] [DEBUG] checkCommentSpaces - C:\workspace2\PLDHimeji\pldHR_client\LCD\nt\NewBRM\Page\BrRouteDescPage.cpp
[2017-09-14 16:37:00.483] [DEBUG] checkCommentSpaces - C:\workspace2\PLDHimeji\pldHR_client\LCD\nt\NewBRM\Page\BrRouteDescPage.h
[2017-09-14 16:37:00.488] [DEBUG] checkCommentSpaces - C:\workspace2\PLDHimeji\pldHR_client\LCD\nt\NewBRM\Page\BrStkgr1DescPage.cpp
[2017-09-14 16:37:00.489] [DEBUG] checkCommentSpaces - C:\workspace2\PLDHimeji\pldHR_client\LCD\nt\NewBRM\Page\BrStkgr2DescPage.cpp
[2017-09-14 16:37:00.491] [DEBUG] checkCommentSpaces - C:\workspace2\PLDHimeji\pldHR_client\LCD\nt\NewBRM\Page\BrStockerCrstPage.cpp
[2017-09-14 16:37:00.501] [DEBUG] checkCommentSpaces - C:\workspace2\PLDHimeji\pldHR_client\LCD\nt\NewBRM\Page\BrStockerCrstPage.h
[2017-09-14 16:37:00.503] [DEBUG] checkCommentSpaces - C:\workspace2\PLDHimeji\pldHR_client\LCD\nt\NewBRM\Page\BrStockerPortPage.cpp
[2017-09-14 16:37:00.503] [DEBUG] checkCommentSpaces - C:\workspace2\PLDHimeji\pldHR_client\LCD\nt\NewBRM\Page\BrStockerPortPage.h
[2017-09-14 16:37:00.506] [DEBUG] checkCommentSpaces - C:\workspace2\PLDHimeji\pldHR_client\LCD\nt\NewBRM\Page\BrSubLayotLocPage.cpp
[2017-09-14 16:37:00.507] [DEBUG] checkCommentSpaces - C:\workspace2\PLDHimeji\pldHR_client\LCD\nt\NewBRM\Page\BrSubLayotLocPage.h
[2017-09-14 16:37:00.508] [DEBUG] checkCommentSpaces - C:\workspace2\PLDHimeji\pldHR_client\LCD\nt\NewBRM\Page\BrSubLayotSubLocPage.cpp
[2017-09-14 16:37:00.508] [DEBUG] checkCommentSpaces - C:\workspace2\PLDHimeji\pldHR_client\LCD\nt\NewBRM\Page\BrSubLayotSubLocPage.h
[2017-09-14 16:37:00.510] [DEBUG] checkCommentSpaces - C:\workspace2\PLDHimeji\pldHR_client\LCD\nt\NewBRM\Page\BrWordercateMixPage.h
[2017-09-14 16:38:37.505] [INFO] util - step in checkSpacks()
[2017-09-14 16:38:37.521] [DEBUG] util - find files: 168
[2017-09-14 16:38:37.536] [DEBUG] util - C:\workspace2\PLDHimeji\pldHR_client\TFT\nt\NewBRM\Page\BrBrmgrpDescPage.cpp
[2017-09-14 16:38:37.536] [DEBUG] util - C:\workspace2\PLDHimeji\pldHR_client\TFT\nt\NewBRM\Page\BrBrmgrpDescPage.h
[2017-09-14 16:38:37.552] [DEBUG] util - C:\workspace2\PLDHimeji\pldHR_client\TFT\nt\NewBRM\Page\BrEqprchgDescPage.cpp
[2017-09-14 16:38:37.552] [DEBUG] util - C:\workspace2\PLDHimeji\pldHR_client\TFT\nt\NewBRM\Page\BrEqprchgDescPage.h
[2017-09-14 16:38:37.552] [DEBUG] util - C:\workspace2\PLDHimeji\pldHR_client\TFT\nt\NewBRM\Page\BrEqptgr1DescPage.cpp
[2017-09-14 16:38:37.552] [DEBUG] util - C:\workspace2\PLDHimeji\pldHR_client\TFT\nt\NewBRM\Page\BrEqptgr2DescPage.cpp
[2017-09-14 16:38:37.552] [DEBUG] util - C:\workspace2\PLDHimeji\pldHR_client\TFT\nt\NewBRM\Page\BrEqptPortPage.cpp
[2017-09-14 16:38:37.552] [DEBUG] util - C:\workspace2\PLDHimeji\pldHR_client\TFT\nt\NewBRM\Page\BrEqptPortPage.h
[2017-09-14 16:38:37.552] [DEBUG] util - C:\workspace2\PLDHimeji\pldHR_client\TFT\nt\NewBRM\Page\BrHinmokuBomPage.cpp
[2017-09-14 16:38:37.552] [DEBUG] util - C:\workspace2\PLDHimeji\pldHR_client\TFT\nt\NewBRM\Page\BrHinmokuBomPage.h
[2017-09-14 16:38:37.552] [DEBUG] util - C:\workspace2\PLDHimeji\pldHR_client\TFT\nt\NewBRM\Page\BrHinmokuNumPage.cpp
[2017-09-14 16:38:37.552] [DEBUG] util - C:\workspace2\PLDHimeji\pldHR_client\TFT\nt\NewBRM\Page\BrHinmokuNumPage.h
[2017-09-14 16:38:37.552] [DEBUG] util - C:\workspace2\PLDHimeji\pldHR_client\TFT\nt\NewBRM\Page\BrHinmokuPartsPage.cpp
[2017-09-14 16:38:37.552] [DEBUG] util - C:\workspace2\PLDHimeji\pldHR_client\TFT\nt\NewBRM\Page\BrHinmokuPartsPage.h
[2017-09-14 16:38:37.552] [DEBUG] util - C:\workspace2\PLDHimeji\pldHR_client\TFT\nt\NewBRM\Page\BrIfthenactRcpPage.cpp
[2017-09-14 16:38:37.552] [DEBUG] util - C:\workspace2\PLDHimeji\pldHR_client\TFT\nt\NewBRM\Page\BrIfthenactRcpPage.h
[2017-09-14 16:38:37.552] [DEBUG] util - C:\workspace2\PLDHimeji\pldHR_client\TFT\nt\NewBRM\Page\BrIfthencndDescPage.cpp
[2017-09-14 16:38:37.552] [DEBUG] util - C:\workspace2\PLDHimeji\pldHR_client\TFT\nt\NewBRM\Page\BrIfthencndDescPage.h
[2017-09-14 16:38:37.552] [DEBUG] util - C:\workspace2\PLDHimeji\pldHR_client\TFT\nt\NewBRM\Page\BrLayotLocPage.cpp
[2017-09-14 16:38:37.568] [DEBUG] util - C:\workspace2\PLDHimeji\pldHR_client\TFT\nt\NewBRM\Page\BrLayotLocPage.h
[2017-09-14 16:38:37.568] [DEBUG] util - C:\workspace2\PLDHimeji\pldHR_client\TFT\nt\NewBRM\Page\BrMlabelItemPage.cpp
[2017-09-14 16:38:37.568] [DEBUG] util - C:\workspace2\PLDHimeji\pldHR_client\TFT\nt\NewBRM\Page\BrMlabelItemPage.h
[2017-09-14 16:38:37.568] [DEBUG] util - C:\workspace2\PLDHimeji\pldHR_client\TFT\nt\NewBRM\Page\BrMldeltaDataPage.cpp
[2017-09-14 16:38:37.568] [DEBUG] util - C:\workspace2\PLDHimeji\pldHR_client\TFT\nt\NewBRM\Page\BrMldeltaDataPage.h
[2017-09-14 16:38:37.568] [DEBUG] util - C:\workspace2\PLDHimeji\pldHR_client\TFT\nt\NewBRM\Page\BrMssgrpDescPage.cpp
[2017-09-14 16:38:37.568] [DEBUG] util - C:\workspace2\PLDHimeji\pldHR_client\TFT\nt\NewBRM\Page\BrMssgrpDescPage.h
[2017-09-14 16:38:37.568] [DEBUG] util - C:\workspace2\PLDHimeji\pldHR_client\TFT\nt\NewBRM\Page\BrOhvcOhvstPage.cpp
[2017-09-14 16:38:37.568] [DEBUG] util - C:\workspace2\PLDHimeji\pldHR_client\TFT\nt\NewBRM\Page\BrOhvcOhvstPage.h
[2017-09-14 16:38:37.568] [DEBUG] util - C:\workspace2\PLDHimeji\pldHR_client\TFT\nt\NewBRM\Page\BrOpercntDescPage.cpp
[2017-09-14 16:38:37.568] [DEBUG] util - C:\workspace2\PLDHimeji\pldHR_client\TFT\nt\NewBRM\Page\BrOpercntDescPage.h
[2017-09-14 16:38:37.583] [DEBUG] util - C:\workspace2\PLDHimeji\pldHR_client\TFT\nt\NewBRM\Page\BrOperracDescPage.cpp
[2017-09-14 16:38:37.583] [DEBUG] util - C:\workspace2\PLDHimeji\pldHR_client\TFT\nt\NewBRM\Page\BrOperracDescPage.h
[2017-09-14 16:38:37.583] [DEBUG] util - C:\workspace2\PLDHimeji\pldHR_client\TFT\nt\NewBRM\Page\BrOpigrpDescPage.cpp
[2017-09-14 16:38:37.583] [DEBUG] util - C:\workspace2\PLDHimeji\pldHR_client\TFT\nt\NewBRM\Page\BrOpigrpDescPage.h
[2017-09-14 16:38:37.583] [DEBUG] util - C:\workspace2\PLDHimeji\pldHR_client\TFT\nt\NewBRM\Page\BrParamRcpPage.cpp
[2017-09-14 16:38:37.583] [DEBUG] util - C:\workspace2\PLDHimeji\pldHR_client\TFT\nt\NewBRM\Page\BrParamRcpPage.h
[2017-09-14 16:38:37.583] [DEBUG] util - C:\workspace2\PLDHimeji\pldHR_client\TFT\nt\NewBRM\Page\BrPrdctDescPage.cpp
[2017-09-14 16:38:37.583] [DEBUG] util - C:\workspace2\PLDHimeji\pldHR_client\TFT\nt\NewBRM\Page\BrPrdctDescPage.h
[2017-09-14 16:38:37.583] [DEBUG] util - C:\workspace2\PLDHimeji\pldHR_client\TFT\nt\NewBRM\Page\BrPrdctMtrlprdPage.cpp
[2017-09-14 16:38:37.583] [DEBUG] util - C:\workspace2\PLDHimeji\pldHR_client\TFT\nt\NewBRM\Page\BrPrdctMtrlprdPage.h
[2017-09-14 16:38:37.583] [DEBUG] util - C:\workspace2\PLDHimeji\pldHR_client\TFT\nt\NewBRM\Page\BrPrdctRoutePage.cpp
[2017-09-14 16:38:37.583] [DEBUG] util - C:\workspace2\PLDHimeji\pldHR_client\TFT\nt\NewBRM\Page\BrPrdctRoutePage.h
[2017-09-14 16:38:37.583] [DEBUG] util - C:\workspace2\PLDHimeji\pldHR_client\TFT\nt\NewBRM\Page\BrProbeinfProbePage.cpp
[2017-09-14 16:38:37.583] [DEBUG] util - C:\workspace2\PLDHimeji\pldHR_client\TFT\nt\NewBRM\Page\BrProbeinfProbePage.h
[2017-09-14 16:38:37.583] [DEBUG] util - C:\workspace2\PLDHimeji\pldHR_client\TFT\nt\NewBRM\Page\BrQrsDescPage.cpp
[2017-09-14 16:38:37.583] [DEBUG] util - C:\workspace2\PLDHimeji\pldHR_client\TFT\nt\NewBRM\Page\BrQrsDescPage.h
[2017-09-14 16:38:37.583] [DEBUG] util - C:\workspace2\PLDHimeji\pldHR_client\TFT\nt\NewBRM\Page\BrRmoperDescPage.cpp
[2017-09-14 16:38:37.583] [DEBUG] util - C:\workspace2\PLDHimeji\pldHR_client\TFT\nt\NewBRM\Page\BrRmoperDescPage.h
[2017-09-14 16:38:37.583] [DEBUG] util - C:\workspace2\PLDHimeji\pldHR_client\TFT\nt\NewBRM\Page\BrRouteBrnPage.cpp
[2017-09-14 16:38:37.583] [DEBUG] util - C:\workspace2\PLDHimeji\pldHR_client\TFT\nt\NewBRM\Page\BrRouteBrnPage.h
[2017-09-14 16:38:37.583] [DEBUG] util - C:\workspace2\PLDHimeji\pldHR_client\TFT\nt\NewBRM\Page\BrRouteDescPage.cpp
[2017-09-14 16:38:37.599] [DEBUG] util - C:\workspace2\PLDHimeji\pldHR_client\TFT\nt\NewBRM\Page\BrRouteDescPage.h
[2017-09-14 16:38:37.599] [DEBUG] util - C:\workspace2\PLDHimeji\pldHR_client\TFT\nt\NewBRM\Page\BrRouteRwkPage.cpp
[2017-09-14 16:38:37.599] [DEBUG] util - C:\workspace2\PLDHimeji\pldHR_client\TFT\nt\NewBRM\Page\BrRouteRwkPage.h
[2017-09-14 16:38:37.599] [DEBUG] util - C:\workspace2\PLDHimeji\pldHR_client\TFT\nt\NewBRM\Page\BrRtclinfRetclstPage.cpp
[2017-09-14 16:38:37.599] [DEBUG] util - C:\workspace2\PLDHimeji\pldHR_client\TFT\nt\NewBRM\Page\BrRtclinfRetclstPage.h
[2017-09-14 16:38:37.599] [DEBUG] util - C:\workspace2\PLDHimeji\pldHR_client\TFT\nt\NewBRM\Page\BrStkgr1DescPage.cpp
[2017-09-14 16:38:37.599] [DEBUG] util - C:\workspace2\PLDHimeji\pldHR_client\TFT\nt\NewBRM\Page\BrStkgr2DescPage.cpp
[2017-09-14 16:38:37.599] [DEBUG] util - C:\workspace2\PLDHimeji\pldHR_client\TFT\nt\NewBRM\Page\BrStockerCrstPage.cpp
[2017-09-14 16:38:37.599] [DEBUG] util - C:\workspace2\PLDHimeji\pldHR_client\TFT\nt\NewBRM\Page\BrStockerCrstPage.h
[2017-09-14 16:38:37.599] [DEBUG] util - C:\workspace2\PLDHimeji\pldHR_client\TFT\nt\NewBRM\Page\BrStockerPortPage.cpp
[2017-09-14 16:38:37.599] [DEBUG] util - C:\workspace2\PLDHimeji\pldHR_client\TFT\nt\NewBRM\Page\BrStockerPortPage.h
[2017-09-14 16:38:37.599] [DEBUG] util - C:\workspace2\PLDHimeji\pldHR_client\TFT\nt\NewBRM\Page\BrSubLayotLocPage.cpp
[2017-09-14 16:38:37.599] [DEBUG] util - C:\workspace2\PLDHimeji\pldHR_client\TFT\nt\NewBRM\Page\BrSubLayotLocPage.h
[2017-09-14 16:38:37.614] [DEBUG] util - C:\workspace2\PLDHimeji\pldHR_client\TFT\nt\NewBRM\Page\BrSubLayotSubLocPage.cpp
[2017-09-14 16:38:37.614] [DEBUG] util - C:\workspace2\PLDHimeji\pldHR_client\TFT\nt\NewBRM\Page\BrSubLayotSubLocPage.h
[2017-09-14 16:38:37.614] [DEBUG] util - find files: 170
[2017-09-14 16:38:37.614] [DEBUG] util - C:\workspace2\PLDHimeji\pldHR_client\LCD\nt\NewBRM\Page\BrBrmgrpDescPage.cpp
[2017-09-14 16:38:37.614] [DEBUG] util - C:\workspace2\PLDHimeji\pldHR_client\LCD\nt\NewBRM\Page\BrBrmgrpDescPage.h
[2017-09-14 16:38:37.614] [DEBUG] util - C:\workspace2\PLDHimeji\pldHR_client\LCD\nt\NewBRM\Page\BrEqptgDescPage.cpp
[2017-09-14 16:38:37.614] [DEBUG] util - C:\workspace2\PLDHimeji\pldHR_client\LCD\nt\NewBRM\Page\BrEqptgDescPage.h
[2017-09-14 16:38:37.614] [DEBUG] util - C:\workspace2\PLDHimeji\pldHR_client\LCD\nt\NewBRM\Page\BrEqptgr1DescPage.cpp
[2017-09-14 16:38:37.614] [DEBUG] util - C:\workspace2\PLDHimeji\pldHR_client\LCD\nt\NewBRM\Page\BrEqptgr2DescPage.cpp
[2017-09-14 16:38:37.614] [DEBUG] util - C:\workspace2\PLDHimeji\pldHR_client\LCD\nt\NewBRM\Page\BrEqptPortPage.cpp
[2017-09-14 16:38:37.614] [DEBUG] util - C:\workspace2\PLDHimeji\pldHR_client\LCD\nt\NewBRM\Page\BrEqptPortPage.h
[2017-09-14 16:38:37.614] [DEBUG] util - C:\workspace2\PLDHimeji\pldHR_client\LCD\nt\NewBRM\Page\BrEqptPositionPage.cpp
[2017-09-14 16:38:37.614] [DEBUG] util - C:\workspace2\PLDHimeji\pldHR_client\LCD\nt\NewBRM\Page\BrEqptPositionPage.h
[2017-09-14 16:38:37.614] [DEBUG] util - C:\workspace2\PLDHimeji\pldHR_client\LCD\nt\NewBRM\Page\BrHinmokuBomPage.cpp
[2017-09-14 16:38:37.614] [DEBUG] util - C:\workspace2\PLDHimeji\pldHR_client\LCD\nt\NewBRM\Page\BrHinmokuBomPage.h
[2017-09-14 16:38:37.614] [DEBUG] util - C:\workspace2\PLDHimeji\pldHR_client\LCD\nt\NewBRM\Page\BrHinmokuNumPage.cpp
[2017-09-14 16:38:37.614] [DEBUG] util - C:\workspace2\PLDHimeji\pldHR_client\LCD\nt\NewBRM\Page\BrHinmokuNumPage.h
[2017-09-14 16:38:37.614] [DEBUG] util - C:\workspace2\PLDHimeji\pldHR_client\LCD\nt\NewBRM\Page\BrHinmokuPartsPage.cpp
[2017-09-14 16:38:37.614] [DEBUG] util - C:\workspace2\PLDHimeji\pldHR_client\LCD\nt\NewBRM\Page\BrHinmokuPartsPage.h
[2017-09-14 16:38:37.614] [DEBUG] util - C:\workspace2\PLDHimeji\pldHR_client\LCD\nt\NewBRM\Page\BrLayotgDescPage.cpp
[2017-09-14 16:38:37.630] [DEBUG] util - C:\workspace2\PLDHimeji\pldHR_client\LCD\nt\NewBRM\Page\BrLayotgDescPage.h
[2017-09-14 16:38:37.630] [DEBUG] util - C:\workspace2\PLDHimeji\pldHR_client\LCD\nt\NewBRM\Page\BrLayotLocPage.cpp
[2017-09-14 16:38:37.630] [DEBUG] util - C:\workspace2\PLDHimeji\pldHR_client\LCD\nt\NewBRM\Page\BrLayotLocPage.h
[2017-09-14 16:38:37.630] [DEBUG] util - C:\workspace2\PLDHimeji\pldHR_client\LCD\nt\NewBRM\Page\BrMlabelItemPage.cpp
[2017-09-14 16:38:37.630] [DEBUG] util - C:\workspace2\PLDHimeji\pldHR_client\LCD\nt\NewBRM\Page\BrMlabelItemPage.h
[2017-09-14 16:38:37.630] [DEBUG] util - C:\workspace2\PLDHimeji\pldHR_client\LCD\nt\NewBRM\Page\BrMldeltaDataPage.cpp
[2017-09-14 16:38:37.630] [DEBUG] util - C:\workspace2\PLDHimeji\pldHR_client\LCD\nt\NewBRM\Page\BrMldeltaDataPage.h
[2017-09-14 16:38:37.630] [DEBUG] util - C:\workspace2\PLDHimeji\pldHR_client\LCD\nt\NewBRM\Page\BrMssgrpDescPage.cpp
[2017-09-14 16:38:37.630] [DEBUG] util - C:\workspace2\PLDHimeji\pldHR_client\LCD\nt\NewBRM\Page\BrMssgrpDescPage.h
[2017-09-14 16:38:37.630] [DEBUG] util - C:\workspace2\PLDHimeji\pldHR_client\LCD\nt\NewBRM\Page\BrMtrlctCutPage.cpp
[2017-09-14 16:38:37.630] [DEBUG] util - C:\workspace2\PLDHimeji\pldHR_client\LCD\nt\NewBRM\Page\BrMtrlctCutPage.h
[2017-09-14 16:38:37.630] [DEBUG] util - C:\workspace2\PLDHimeji\pldHR_client\LCD\nt\NewBRM\Page\BrMtrlctDescPage.cpp
[2017-09-14 16:38:37.630] [DEBUG] util - C:\workspace2\PLDHimeji\pldHR_client\LCD\nt\NewBRM\Page\BrMtrlctDescPage.h
[2017-09-14 16:38:37.630] [DEBUG] util - C:\workspace2\PLDHimeji\pldHR_client\LCD\nt\NewBRM\Page\BrMtrlctDetailPage.cpp
[2017-09-14 16:38:37.630] [DEBUG] util - C:\workspace2\PLDHimeji\pldHR_client\LCD\nt\NewBRM\Page\BrMtrlctDetailPage.h
[2017-09-14 16:38:37.630] [DEBUG] util - C:\workspace2\PLDHimeji\pldHR_client\LCD\nt\NewBRM\Page\BrMtrlprdDescPage.cpp
[2017-09-14 16:38:37.630] [DEBUG] util - C:\workspace2\PLDHimeji\pldHR_client\LCD\nt\NewBRM\Page\BrMtrlprdDescPage.h
[2017-09-14 16:38:37.630] [DEBUG] util - C:\workspace2\PLDHimeji\pldHR_client\LCD\nt\NewBRM\Page\BrMtrlprdSrcPage.cpp
[2017-09-14 16:38:37.630] [DEBUG] util - C:\workspace2\PLDHimeji\pldHR_client\LCD\nt\NewBRM\Page\BrMtrlprdSrcPage.h
[2017-09-14 16:38:37.630] [DEBUG] util - C:\workspace2\PLDHimeji\pldHR_client\LCD\nt\NewBRM\Page\BrOperSedcPage.cpp
[2017-09-14 16:38:37.630] [DEBUG] util - C:\workspace2\PLDHimeji\pldHR_client\LCD\nt\NewBRM\Page\BrOperSedcPage.h
[2017-09-14 16:38:37.630] [DEBUG] util - C:\workspace2\PLDHimeji\pldHR_client\LCD\nt\NewBRM\Page\BrOpigrpDescPage.cpp
[2017-09-14 16:38:37.630] [DEBUG] util - C:\workspace2\PLDHimeji\pldHR_client\LCD\nt\NewBRM\Page\BrOpigrpDescPage.h
[2017-09-14 16:38:37.630] [DEBUG] util - C:\workspace2\PLDHimeji\pldHR_client\LCD\nt\NewBRM\Page\BrParamRcpPage.cpp
[2017-09-14 16:38:37.630] [DEBUG] util - C:\workspace2\PLDHimeji\pldHR_client\LCD\nt\NewBRM\Page\BrParamRcpPage.h
[2017-09-14 16:38:37.646] [DEBUG] util - C:\workspace2\PLDHimeji\pldHR_client\LCD\nt\NewBRM\Page\BrPrdctlcmRankPage.cpp
[2017-09-14 16:38:37.646] [DEBUG] util - C:\workspace2\PLDHimeji\pldHR_client\LCD\nt\NewBRM\Page\BrPrdctlcmRankPage.h
[2017-09-14 16:38:37.646] [DEBUG] util - C:\workspace2\PLDHimeji\pldHR_client\LCD\nt\NewBRM\Page\BrPrdctmcLcmPage.cpp
[2017-09-14 16:38:37.646] [DEBUG] util - C:\workspace2\PLDHimeji\pldHR_client\LCD\nt\NewBRM\Page\BrPrdctmcLcmPage.h
[2017-09-14 16:38:37.646] [DEBUG] util - C:\workspace2\PLDHimeji\pldHR_client\LCD\nt\NewBRM\Page\BrPrdctmcRankPage.cpp
[2017-09-14 16:38:37.646] [DEBUG] util - C:\workspace2\PLDHimeji\pldHR_client\LCD\nt\NewBRM\Page\BrPrdctmcRankPage.h
[2017-09-14 16:38:37.646] [DEBUG] util - C:\workspace2\PLDHimeji\pldHR_client\LCD\nt\NewBRM\Page\BrPrdctMtrlprdPage.cpp
[2017-09-14 16:38:37.646] [DEBUG] util - C:\workspace2\PLDHimeji\pldHR_client\LCD\nt\NewBRM\Page\BrPrdctMtrlprdPage.h
[2017-09-14 16:38:37.646] [DEBUG] util - C:\workspace2\PLDHimeji\pldHR_client\LCD\nt\NewBRM\Page\BrPrdctRankPage.cpp
[2017-09-14 16:38:37.646] [DEBUG] util - C:\workspace2\PLDHimeji\pldHR_client\LCD\nt\NewBRM\Page\BrPrdctRankPage.h
[2017-09-14 16:38:37.646] [DEBUG] util - C:\workspace2\PLDHimeji\pldHR_client\LCD\nt\NewBRM\Page\BrPrdctRprPage.cpp
[2017-09-14 16:38:37.646] [DEBUG] util - C:\workspace2\PLDHimeji\pldHR_client\LCD\nt\NewBRM\Page\BrPrdctRprPage.h
[2017-09-14 16:38:37.646] [DEBUG] util - C:\workspace2\PLDHimeji\pldHR_client\LCD\nt\NewBRM\Page\BrQrsDescPage.cpp
[2017-09-14 16:38:37.646] [DEBUG] util - C:\workspace2\PLDHimeji\pldHR_client\LCD\nt\NewBRM\Page\BrQrsDescPage.h
[2017-09-14 16:38:37.646] [DEBUG] util - C:\workspace2\PLDHimeji\pldHR_client\LCD\nt\NewBRM\Page\BrRmoperDescPage.cpp
[2017-09-14 16:38:37.646] [DEBUG] util - C:\workspace2\PLDHimeji\pldHR_client\LCD\nt\NewBRM\Page\BrRmoperDescPage.h
[2017-09-14 16:38:37.646] [DEBUG] util - C:\workspace2\PLDHimeji\pldHR_client\LCD\nt\NewBRM\Page\BrRouteDescPage.cpp
[2017-09-14 16:38:37.646] [DEBUG] util - C:\workspace2\PLDHimeji\pldHR_client\LCD\nt\NewBRM\Page\BrRouteDescPage.h
[2017-09-14 16:38:37.661] [DEBUG] util - C:\workspace2\PLDHimeji\pldHR_client\LCD\nt\NewBRM\Page\BrStkgr1DescPage.cpp
[2017-09-14 16:38:37.661] [DEBUG] util - C:\workspace2\PLDHimeji\pldHR_client\LCD\nt\NewBRM\Page\BrStkgr2DescPage.cpp
[2017-09-14 16:38:37.661] [DEBUG] util - C:\workspace2\PLDHimeji\pldHR_client\LCD\nt\NewBRM\Page\BrStockerCrstPage.cpp
[2017-09-14 16:38:37.661] [DEBUG] util - C:\workspace2\PLDHimeji\pldHR_client\LCD\nt\NewBRM\Page\BrStockerCrstPage.h
[2017-09-14 16:38:37.661] [DEBUG] util - C:\workspace2\PLDHimeji\pldHR_client\LCD\nt\NewBRM\Page\BrStockerPortPage.cpp
[2017-09-14 16:38:37.661] [DEBUG] util - C:\workspace2\PLDHimeji\pldHR_client\LCD\nt\NewBRM\Page\BrStockerPortPage.h
[2017-09-14 16:38:37.661] [DEBUG] util - C:\workspace2\PLDHimeji\pldHR_client\LCD\nt\NewBRM\Page\BrSubLayotLocPage.cpp
[2017-09-14 16:38:37.661] [DEBUG] util - C:\workspace2\PLDHimeji\pldHR_client\LCD\nt\NewBRM\Page\BrSubLayotLocPage.h
[2017-09-14 16:38:37.661] [DEBUG] util - C:\workspace2\PLDHimeji\pldHR_client\LCD\nt\NewBRM\Page\BrSubLayotSubLocPage.cpp
[2017-09-14 16:38:37.677] [DEBUG] util - C:\workspace2\PLDHimeji\pldHR_client\LCD\nt\NewBRM\Page\BrSubLayotSubLocPage.h
[2017-09-14 16:38:37.677] [DEBUG] util - C:\workspace2\PLDHimeji\pldHR_client\LCD\nt\NewBRM\Page\BrWordercateMixPage.h
